2017-08-28 00:29:18,635 INFO: blog startup [in /home/bzennn/Workspace/blog_flask/app/__init__.py:36]
2017-08-28 00:29:31,313 ERROR: Exception on /signup [POST] [in /home/bzennn/Workspace/blog_flask/python/lib/python3.5/site-packages/flask/app.py:1560]
Traceback (most recent call last):
  File "/home/bzennn/Workspace/blog_flask/python/lib/python3.5/site-packages/sqlalchemy/engine/base.py", line 1182, in _execute_context
    context)
  File "/home/bzennn/Workspace/blog_flask/python/lib/python3.5/site-packages/sqlalchemy/engine/default.py", line 470, in do_execute
    cursor.execute(statement, parameters)
sqlite3.IntegrityError: UNIQUE constraint failed: user.nickname

The above exception was the direct cause of the following exception:

Traceback (most recent call last):
  File "/home/bzennn/Workspace/blog_flask/python/lib/python3.5/site-packages/flask/app.py", line 1982, in wsgi_app
    response = self.full_dispatch_request()
  File "/home/bzennn/Workspace/blog_flask/python/lib/python3.5/site-packages/flask/app.py", line 1614, in full_dispatch_request
    rv = self.handle_user_exception(e)
  File "/home/bzennn/Workspace/blog_flask/python/lib/python3.5/site-packages/flask/app.py", line 1517, in handle_user_exception
    reraise(exc_type, exc_value, tb)
  File "/home/bzennn/Workspace/blog_flask/python/lib/python3.5/site-packages/flask/_compat.py", line 33, in reraise
    raise value
  File "/home/bzennn/Workspace/blog_flask/python/lib/python3.5/site-packages/flask/app.py", line 1612, in full_dispatch_request
    rv = self.dispatch_request()
  File "/home/bzennn/Workspace/blog_flask/python/lib/python3.5/site-packages/flask/app.py", line 1598, in dispatch_request
    return self.view_functions[rule.endpoint](**req.view_args)
  File "/home/bzennn/Workspace/blog_flask/app/views.py", line 45, in create_user
    db.session.commit()
  File "/home/bzennn/Workspace/blog_flask/python/lib/python3.5/site-packages/sqlalchemy/orm/scoping.py", line 157, in do
    return getattr(self.registry(), name)(*args, **kwargs)
  File "/home/bzennn/Workspace/blog_flask/python/lib/python3.5/site-packages/sqlalchemy/orm/session.py", line 906, in commit
    self.transaction.commit()
  File "/home/bzennn/Workspace/blog_flask/python/lib/python3.5/site-packages/sqlalchemy/orm/session.py", line 461, in commit
    self._prepare_impl()
  File "/home/bzennn/Workspace/blog_flask/python/lib/python3.5/site-packages/sqlalchemy/orm/session.py", line 441, in _prepare_impl
    self.session.flush()
  File "/home/bzennn/Workspace/blog_flask/python/lib/python3.5/site-packages/sqlalchemy/orm/session.py", line 2171, in flush
    self._flush(objects)
  File "/home/bzennn/Workspace/blog_flask/python/lib/python3.5/site-packages/sqlalchemy/orm/session.py", line 2291, in _flush
    transaction.rollback(_capture_exception=True)
  File "/home/bzennn/Workspace/blog_flask/python/lib/python3.5/site-packages/sqlalchemy/util/langhelpers.py", line 66, in __exit__
    compat.reraise(exc_type, exc_value, exc_tb)
  File "/home/bzennn/Workspace/blog_flask/python/lib/python3.5/site-packages/sqlalchemy/util/compat.py", line 187, in reraise
    raise value
  File "/home/bzennn/Workspace/blog_flask/python/lib/python3.5/site-packages/sqlalchemy/orm/session.py", line 2255, in _flush
    flush_context.execute()
  File "/home/bzennn/Workspace/blog_flask/python/lib/python3.5/site-packages/sqlalchemy/orm/unitofwork.py", line 389, in execute
    rec.execute(self)
  File "/home/bzennn/Workspace/blog_flask/python/lib/python3.5/site-packages/sqlalchemy/orm/unitofwork.py", line 548, in execute
    uow
  File "/home/bzennn/Workspace/blog_flask/python/lib/python3.5/site-packages/sqlalchemy/orm/persistence.py", line 181, in save_obj
    mapper, table, insert)
  File "/home/bzennn/Workspace/blog_flask/python/lib/python3.5/site-packages/sqlalchemy/orm/persistence.py", line 835, in _emit_insert_statements
    execute(statement, params)
  File "/home/bzennn/Workspace/blog_flask/python/lib/python3.5/site-packages/sqlalchemy/engine/base.py", line 945, in execute
    return meth(self, multiparams, params)
  File "/home/bzennn/Workspace/blog_flask/python/lib/python3.5/site-packages/sqlalchemy/sql/elements.py", line 263, in _execute_on_connection
    return connection._execute_clauseelement(self, multiparams, params)
  File "/home/bzennn/Workspace/blog_flask/python/lib/python3.5/site-packages/sqlalchemy/engine/base.py", line 1053, in _execute_clauseelement
    compiled_sql, distilled_params
  File "/home/bzennn/Workspace/blog_flask/python/lib/python3.5/site-packages/sqlalchemy/engine/base.py", line 1189, in _execute_context
    context)
  File "/home/bzennn/Workspace/blog_flask/python/lib/python3.5/site-packages/sqlalchemy/engine/base.py", line 1402, in _handle_dbapi_exception
    exc_info
  File "/home/bzennn/Workspace/blog_flask/python/lib/python3.5/site-packages/sqlalchemy/util/compat.py", line 203, in raise_from_cause
    reraise(type(exception), exception, tb=exc_tb, cause=cause)
  File "/home/bzennn/Workspace/blog_flask/python/lib/python3.5/site-packages/sqlalchemy/util/compat.py", line 186, in reraise
    raise value.with_traceback(tb)
  File "/home/bzennn/Workspace/blog_flask/python/lib/python3.5/site-packages/sqlalchemy/engine/base.py", line 1182, in _execute_context
    context)
  File "/home/bzennn/Workspace/blog_flask/python/lib/python3.5/site-packages/sqlalchemy/engine/default.py", line 470, in do_execute
    cursor.execute(statement, parameters)
sqlalchemy.exc.IntegrityError: (sqlite3.IntegrityError) UNIQUE constraint failed: user.nickname [SQL: 'INSERT INTO user (role, email, pwd_hash, nickname, about_me, last_seen) VALUES (?, ?, ?, ?, ?, ?)'] [parameters: (0, 'bzennn@example.com', 'pbkdf2:sha256:50000$zLnNuaAO$9d6840d6c8f3cca3f2198ff6007f69558cfd4af6a2c5f3d460c026db7caa742f', 'bzennn', None, None)]
2017-08-28 14:18:09,055 INFO: blog startup [in /home/bzennn/Workspace/blog_flask/app/__init__.py:36]
2017-08-28 14:20:44,744 INFO: blog startup [in /home/bzennn/Workspace/blog_flask/app/__init__.py:36]
2017-08-28 14:20:52,358 INFO: blog startup [in /home/bzennn/Workspace/blog_flask/app/__init__.py:36]
2017-08-28 14:20:56,616 INFO: blog startup [in /home/bzennn/Workspace/blog_flask/app/__init__.py:36]
2017-08-28 14:21:18,275 INFO: blog startup [in /home/bzennn/Workspace/blog_flask/app/__init__.py:36]
2017-08-28 14:53:32,445 INFO: blog startup [in /home/bzennn/Workspace/blog_flask/app/__init__.py:36]
2017-08-28 14:55:35,641 INFO: blog startup [in /home/bzennn/Workspace/blog_flask/app/__init__.py:36]
2017-08-28 14:55:39,270 INFO: blog startup [in /home/bzennn/Workspace/blog_flask/app/__init__.py:36]
2017-08-28 15:15:26,781 INFO: blog startup [in /home/bzennn/Workspace/blog_flask/app/__init__.py:36]
2017-08-28 15:15:28,013 INFO: blog startup [in /home/bzennn/Workspace/blog_flask/app/__init__.py:36]
2017-08-28 15:16:06,477 INFO: blog startup [in /home/bzennn/Workspace/blog_flask/app/__init__.py:36]
2017-08-28 15:17:41,566 INFO: blog startup [in /home/bzennn/Workspace/blog_flask/app/__init__.py:36]
2017-08-28 15:19:39,868 INFO: blog startup [in /home/bzennn/Workspace/blog_flask/app/__init__.py:36]
2017-08-28 15:19:53,817 INFO: blog startup [in /home/bzennn/Workspace/blog_flask/app/__init__.py:36]
2017-08-28 15:19:57,326 INFO: blog startup [in /home/bzennn/Workspace/blog_flask/app/__init__.py:36]
2017-08-28 15:20:03,916 INFO: blog startup [in /home/bzennn/Workspace/blog_flask/app/__init__.py:36]
2017-08-28 15:20:04,849 INFO: blog startup [in /home/bzennn/Workspace/blog_flask/app/__init__.py:36]
2017-08-28 15:27:19,558 INFO: blog startup [in /home/bzennn/Workspace/blog_flask/app/__init__.py:36]
2017-08-28 15:28:20,117 INFO: blog startup [in /home/bzennn/Workspace/blog_flask/app/__init__.py:36]
2017-08-28 15:32:21,782 INFO: blog startup [in /home/bzennn/Workspace/blog_flask/app/__init__.py:36]
2017-08-28 15:32:25,251 INFO: blog startup [in /home/bzennn/Workspace/blog_flask/app/__init__.py:36]
2017-08-28 15:32:39,440 INFO: blog startup [in /home/bzennn/Workspace/blog_flask/app/__init__.py:36]
2017-08-28 15:33:56,971 INFO: blog startup [in /home/bzennn/Workspace/blog_flask/app/__init__.py:36]
2017-08-28 15:33:59,652 INFO: blog startup [in /home/bzennn/Workspace/blog_flask/app/__init__.py:36]
2017-08-28 15:34:15,112 INFO: blog startup [in /home/bzennn/Workspace/blog_flask/app/__init__.py:36]
2017-08-28 15:37:19,752 INFO: blog startup [in /home/bzennn/Workspace/blog_flask/app/__init__.py:36]
2017-08-28 15:37:22,493 INFO: blog startup [in /home/bzennn/Workspace/blog_flask/app/__init__.py:36]
2017-08-28 15:37:40,049 INFO: blog startup [in /home/bzennn/Workspace/blog_flask/app/__init__.py:36]
2017-08-28 15:44:16,070 INFO: blog startup [in /home/bzennn/Workspace/blog_flask/app/__init__.py:36]
2017-08-28 15:44:17,005 INFO: blog startup [in /home/bzennn/Workspace/blog_flask/app/__init__.py:36]
2017-08-28 15:44:54,429 INFO: blog startup [in /home/bzennn/Workspace/blog_flask/app/__init__.py:36]
2017-08-28 15:46:37,652 INFO: blog startup [in /home/bzennn/Workspace/blog_flask/app/__init__.py:36]
2017-08-28 15:55:03,161 INFO: blog startup [in /home/bzennn/Workspace/blog_flask/app/__init__.py:36]
2017-08-28 15:55:42,634 INFO: blog startup [in /home/bzennn/Workspace/blog_flask/app/__init__.py:36]
2017-08-28 15:56:04,887 INFO: blog startup [in /home/bzennn/Workspace/blog_flask/app/__init__.py:36]
2017-08-28 15:56:11,013 INFO: blog startup [in /home/bzennn/Workspace/blog_flask/app/__init__.py:36]
2017-08-28 15:57:26,893 INFO: blog startup [in /home/bzennn/Workspace/blog_flask/app/__init__.py:36]
2017-08-28 16:06:56,164 INFO: blog startup [in /home/bzennn/Workspace/blog_flask/app/__init__.py:36]
2017-08-28 16:11:16,010 INFO: blog startup [in /home/bzennn/Workspace/blog_flask/app/__init__.py:36]
2017-08-28 16:12:30,865 INFO: blog startup [in /home/bzennn/Workspace/blog_flask/app/__init__.py:36]
2017-08-28 16:14:15,080 INFO: blog startup [in /home/bzennn/Workspace/blog_flask/app/__init__.py:36]
2017-08-28 16:14:49,538 INFO: blog startup [in /home/bzennn/Workspace/blog_flask/app/__init__.py:36]
2017-08-28 16:49:35,336 INFO: blog startup [in /home/bzennn/Workspace/blog_flask/app/__init__.py:36]
2017-08-28 16:52:35,343 INFO: blog startup [in /home/bzennn/Workspace/blog_flask/app/__init__.py:36]
2017-08-28 16:52:47,509 INFO: blog startup [in /home/bzennn/Workspace/blog_flask/app/__init__.py:36]
2017-08-28 16:53:33,062 INFO: blog startup [in /home/bzennn/Workspace/blog_flask/app/__init__.py:36]
2017-08-28 16:57:22,246 INFO: blog startup [in /home/bzennn/Workspace/blog_flask/app/__init__.py:36]
2017-08-28 16:57:23,158 INFO: blog startup [in /home/bzennn/Workspace/blog_flask/app/__init__.py:36]
2017-08-28 16:58:14,789 INFO: blog startup [in /home/bzennn/Workspace/blog_flask/app/__init__.py:36]
2017-08-28 16:58:43,187 INFO: blog startup [in /home/bzennn/Workspace/blog_flask/app/__init__.py:36]
2017-08-28 17:01:06,834 INFO: blog startup [in /home/bzennn/Workspace/blog_flask/app/__init__.py:36]
2017-08-28 17:02:17,655 INFO: blog startup [in /home/bzennn/Workspace/blog_flask/app/__init__.py:36]
2017-08-28 17:02:52,105 INFO: blog startup [in /home/bzennn/Workspace/blog_flask/app/__init__.py:36]
2017-08-28 17:05:35,899 INFO: blog startup [in /home/bzennn/Workspace/blog_flask/app/__init__.py:36]
2017-08-28 17:06:30,531 INFO: blog startup [in /home/bzennn/Workspace/blog_flask/app/__init__.py:36]
2017-08-28 17:06:35,006 INFO: blog startup [in /home/bzennn/Workspace/blog_flask/app/__init__.py:36]
2017-08-28 17:06:38,187 INFO: blog startup [in /home/bzennn/Workspace/blog_flask/app/__init__.py:36]
2017-08-28 17:06:42,508 INFO: blog startup [in /home/bzennn/Workspace/blog_flask/app/__init__.py:36]
2017-08-28 17:06:43,435 INFO: blog startup [in /home/bzennn/Workspace/blog_flask/app/__init__.py:36]
2017-08-28 17:11:09,406 INFO: blog startup [in /home/bzennn/Workspace/blog_flask/app/__init__.py:36]
2017-08-28 17:35:28,610 INFO: blog startup [in /home/bzennn/Workspace/blog_flask/app/__init__.py:36]
2017-08-28 17:35:29,553 INFO: blog startup [in /home/bzennn/Workspace/blog_flask/app/__init__.py:36]
2017-08-28 17:37:22,886 INFO: blog startup [in /home/bzennn/Workspace/blog_flask/app/__init__.py:36]
2017-08-28 17:43:50,801 INFO: blog startup [in /home/bzennn/Workspace/blog_flask/app/__init__.py:36]
2017-08-28 17:43:51,747 INFO: blog startup [in /home/bzennn/Workspace/blog_flask/app/__init__.py:36]
2017-08-28 17:44:32,263 INFO: blog startup [in /home/bzennn/Workspace/blog_flask/app/__init__.py:36]
2017-08-28 17:47:10,815 INFO: blog startup [in /home/bzennn/Workspace/blog_flask/app/__init__.py:36]
2017-08-28 17:47:11,725 INFO: blog startup [in /home/bzennn/Workspace/blog_flask/app/__init__.py:36]
2017-08-28 17:53:01,743 INFO: blog startup [in /home/bzennn/Workspace/blog_flask/app/__init__.py:36]
2017-08-28 17:56:15,894 INFO: blog startup [in /home/bzennn/Workspace/blog_flask/app/__init__.py:36]
2017-08-28 17:56:23,635 INFO: blog startup [in /home/bzennn/Workspace/blog_flask/app/__init__.py:36]
2017-08-28 17:56:28,780 INFO: blog startup [in /home/bzennn/Workspace/blog_flask/app/__init__.py:36]
2017-08-28 17:56:32,160 INFO: blog startup [in /home/bzennn/Workspace/blog_flask/app/__init__.py:36]
2017-08-28 17:56:33,072 INFO: blog startup [in /home/bzennn/Workspace/blog_flask/app/__init__.py:36]
2017-08-28 17:59:34,070 INFO: blog startup [in /home/bzennn/Workspace/blog_flask/app/__init__.py:36]
2017-08-28 18:01:07,206 INFO: blog startup [in /home/bzennn/Workspace/blog_flask/app/__init__.py:36]
2017-08-28 18:01:49,888 INFO: blog startup [in /home/bzennn/Workspace/blog_flask/app/__init__.py:36]
2017-08-28 18:02:45,601 INFO: blog startup [in /home/bzennn/Workspace/blog_flask/app/__init__.py:36]
2017-08-28 18:05:05,172 INFO: blog startup [in /home/bzennn/Workspace/blog_flask/app/__init__.py:36]
2017-08-28 18:05:59,771 INFO: blog startup [in /home/bzennn/Workspace/blog_flask/app/__init__.py:36]
2017-08-28 18:07:04,451 INFO: blog startup [in /home/bzennn/Workspace/blog_flask/app/__init__.py:36]
2017-08-28 18:08:03,827 INFO: blog startup [in /home/bzennn/Workspace/blog_flask/app/__init__.py:36]
2017-08-28 18:08:18,723 INFO: blog startup [in /home/bzennn/Workspace/blog_flask/app/__init__.py:36]
2017-08-28 18:08:19,648 INFO: blog startup [in /home/bzennn/Workspace/blog_flask/app/__init__.py:36]
2017-08-28 18:10:23,995 INFO: blog startup [in /home/bzennn/Workspace/blog_flask/app/__init__.py:36]
2017-08-28 18:12:35,762 INFO: blog startup [in /home/bzennn/Workspace/blog_flask/app/__init__.py:36]
2017-08-28 18:12:48,083 INFO: blog startup [in /home/bzennn/Workspace/blog_flask/app/__init__.py:36]
2017-08-28 18:12:55,570 INFO: blog startup [in /home/bzennn/Workspace/blog_flask/app/__init__.py:36]
2017-08-28 18:16:49,124 INFO: blog startup [in /home/bzennn/Workspace/blog_flask/app/__init__.py:36]
2017-08-28 18:23:20,811 INFO: blog startup [in /home/bzennn/Workspace/blog_flask/app/__init__.py:36]
2017-08-28 18:23:54,882 ERROR: Exception on /signup [POST] [in /home/bzennn/Workspace/blog_flask/python/lib/python3.5/site-packages/flask/app.py:1560]
Traceback (most recent call last):
  File "/home/bzennn/Workspace/blog_flask/python/lib/python3.5/site-packages/sqlalchemy/engine/base.py", line 1182, in _execute_context
    context)
  File "/home/bzennn/Workspace/blog_flask/python/lib/python3.5/site-packages/sqlalchemy/engine/default.py", line 470, in do_execute
    cursor.execute(statement, parameters)
sqlite3.IntegrityError: UNIQUE constraint failed: user.nickname

The above exception was the direct cause of the following exception:

Traceback (most recent call last):
  File "/home/bzennn/Workspace/blog_flask/python/lib/python3.5/site-packages/flask/app.py", line 1982, in wsgi_app
    response = self.full_dispatch_request()
  File "/home/bzennn/Workspace/blog_flask/python/lib/python3.5/site-packages/flask/app.py", line 1614, in full_dispatch_request
    rv = self.handle_user_exception(e)
  File "/home/bzennn/Workspace/blog_flask/python/lib/python3.5/site-packages/flask/app.py", line 1517, in handle_user_exception
    reraise(exc_type, exc_value, tb)
  File "/home/bzennn/Workspace/blog_flask/python/lib/python3.5/site-packages/flask/_compat.py", line 33, in reraise
    raise value
  File "/home/bzennn/Workspace/blog_flask/python/lib/python3.5/site-packages/flask/app.py", line 1612, in full_dispatch_request
    rv = self.dispatch_request()
  File "/home/bzennn/Workspace/blog_flask/python/lib/python3.5/site-packages/flask/app.py", line 1598, in dispatch_request
    return self.view_functions[rule.endpoint](**req.view_args)
  File "/home/bzennn/Workspace/blog_flask/app/views.py", line 62, in create_user
    db.session.commit()
  File "/home/bzennn/Workspace/blog_flask/python/lib/python3.5/site-packages/sqlalchemy/orm/scoping.py", line 157, in do
    return getattr(self.registry(), name)(*args, **kwargs)
  File "/home/bzennn/Workspace/blog_flask/python/lib/python3.5/site-packages/sqlalchemy/orm/session.py", line 906, in commit
    self.transaction.commit()
  File "/home/bzennn/Workspace/blog_flask/python/lib/python3.5/site-packages/sqlalchemy/orm/session.py", line 461, in commit
    self._prepare_impl()
  File "/home/bzennn/Workspace/blog_flask/python/lib/python3.5/site-packages/sqlalchemy/orm/session.py", line 441, in _prepare_impl
    self.session.flush()
  File "/home/bzennn/Workspace/blog_flask/python/lib/python3.5/site-packages/sqlalchemy/orm/session.py", line 2171, in flush
    self._flush(objects)
  File "/home/bzennn/Workspace/blog_flask/python/lib/python3.5/site-packages/sqlalchemy/orm/session.py", line 2291, in _flush
    transaction.rollback(_capture_exception=True)
  File "/home/bzennn/Workspace/blog_flask/python/lib/python3.5/site-packages/sqlalchemy/util/langhelpers.py", line 66, in __exit__
    compat.reraise(exc_type, exc_value, exc_tb)
  File "/home/bzennn/Workspace/blog_flask/python/lib/python3.5/site-packages/sqlalchemy/util/compat.py", line 187, in reraise
    raise value
  File "/home/bzennn/Workspace/blog_flask/python/lib/python3.5/site-packages/sqlalchemy/orm/session.py", line 2255, in _flush
    flush_context.execute()
  File "/home/bzennn/Workspace/blog_flask/python/lib/python3.5/site-packages/sqlalchemy/orm/unitofwork.py", line 389, in execute
    rec.execute(self)
  File "/home/bzennn/Workspace/blog_flask/python/lib/python3.5/site-packages/sqlalchemy/orm/unitofwork.py", line 548, in execute
    uow
  File "/home/bzennn/Workspace/blog_flask/python/lib/python3.5/site-packages/sqlalchemy/orm/persistence.py", line 181, in save_obj
    mapper, table, insert)
  File "/home/bzennn/Workspace/blog_flask/python/lib/python3.5/site-packages/sqlalchemy/orm/persistence.py", line 835, in _emit_insert_statements
    execute(statement, params)
  File "/home/bzennn/Workspace/blog_flask/python/lib/python3.5/site-packages/sqlalchemy/engine/base.py", line 945, in execute
    return meth(self, multiparams, params)
  File "/home/bzennn/Workspace/blog_flask/python/lib/python3.5/site-packages/sqlalchemy/sql/elements.py", line 263, in _execute_on_connection
    return connection._execute_clauseelement(self, multiparams, params)
  File "/home/bzennn/Workspace/blog_flask/python/lib/python3.5/site-packages/sqlalchemy/engine/base.py", line 1053, in _execute_clauseelement
    compiled_sql, distilled_params
  File "/home/bzennn/Workspace/blog_flask/python/lib/python3.5/site-packages/sqlalchemy/engine/base.py", line 1189, in _execute_context
    context)
  File "/home/bzennn/Workspace/blog_flask/python/lib/python3.5/site-packages/sqlalchemy/engine/base.py", line 1402, in _handle_dbapi_exception
    exc_info
  File "/home/bzennn/Workspace/blog_flask/python/lib/python3.5/site-packages/sqlalchemy/util/compat.py", line 203, in raise_from_cause
    reraise(type(exception), exception, tb=exc_tb, cause=cause)
  File "/home/bzennn/Workspace/blog_flask/python/lib/python3.5/site-packages/sqlalchemy/util/compat.py", line 186, in reraise
    raise value.with_traceback(tb)
  File "/home/bzennn/Workspace/blog_flask/python/lib/python3.5/site-packages/sqlalchemy/engine/base.py", line 1182, in _execute_context
    context)
  File "/home/bzennn/Workspace/blog_flask/python/lib/python3.5/site-packages/sqlalchemy/engine/default.py", line 470, in do_execute
    cursor.execute(statement, parameters)
sqlalchemy.exc.IntegrityError: (sqlite3.IntegrityError) UNIQUE constraint failed: user.nickname [SQL: 'INSERT INTO user (role, email, pwd_hash, nickname, about_me, last_seen) VALUES (?, ?, ?, ?, ?, ?)'] [parameters: (0, 'bzennn@example.com', 'pbkdf2:sha256:50000$y4pSVFgl$adc4863c4c7be6d5015030ab280bce132ca2d6b3e944417066f48ba7e5756a6a', 'bzennn', None, None)]
2017-08-28 19:43:58,968 INFO: blog startup [in /home/bzennn/Workspace/blog_flask/app/__init__.py:36]
2017-08-28 19:43:59,880 INFO: blog startup [in /home/bzennn/Workspace/blog_flask/app/__init__.py:36]
2017-08-28 19:46:17,735 INFO: blog startup [in /home/bzennn/Workspace/blog_flask/app/__init__.py:36]
2017-08-28 19:46:18,653 INFO: blog startup [in /home/bzennn/Workspace/blog_flask/app/__init__.py:36]
2017-08-28 19:50:07,025 INFO: blog startup [in /home/bzennn/Workspace/blog_flask/app/__init__.py:36]
2017-08-28 19:52:41,912 INFO: blog startup [in /home/bzennn/Workspace/blog_flask/app/__init__.py:36]
2017-08-28 19:55:30,992 INFO: blog startup [in /home/bzennn/Workspace/blog_flask/app/__init__.py:36]
2017-08-28 20:01:56,079 INFO: blog startup [in /home/bzennn/Workspace/blog_flask/app/__init__.py:36]
2017-08-28 20:02:44,645 INFO: blog startup [in /home/bzennn/Workspace/blog_flask/app/__init__.py:36]
2017-08-28 21:19:53,759 INFO: blog startup [in /home/bzennn/Workspace/blog_flask/app/__init__.py:36]
2017-08-28 21:21:08,593 INFO: blog startup [in /home/bzennn/Workspace/blog_flask/app/__init__.py:36]
2017-08-28 21:23:22,122 INFO: blog startup [in /home/bzennn/Workspace/blog_flask/app/__init__.py:36]
2017-08-28 21:23:40,261 INFO: blog startup [in /home/bzennn/Workspace/blog_flask/app/__init__.py:36]
2017-08-28 21:23:41,224 INFO: blog startup [in /home/bzennn/Workspace/blog_flask/app/__init__.py:36]
2017-08-28 21:44:19,261 INFO: blog startup [in /home/bzennn/Workspace/blog_flask/app/__init__.py:36]
2017-08-28 21:51:01,226 INFO: blog startup [in /home/bzennn/Workspace/blog_flask/app/__init__.py:36]
2017-08-28 21:51:02,166 INFO: blog startup [in /home/bzennn/Workspace/blog_flask/app/__init__.py:36]
2017-08-28 21:55:38,218 INFO: blog startup [in /home/bzennn/Workspace/blog_flask/app/__init__.py:36]
2017-08-28 21:56:37,932 INFO: blog startup [in /home/bzennn/Workspace/blog_flask/app/__init__.py:36]
2017-08-28 21:57:15,364 INFO: blog startup [in /home/bzennn/Workspace/blog_flask/app/__init__.py:36]
2017-08-28 21:58:21,115 INFO: blog startup [in /home/bzennn/Workspace/blog_flask/app/__init__.py:36]
2017-08-28 21:59:39,059 INFO: blog startup [in /home/bzennn/Workspace/blog_flask/app/__init__.py:36]
2017-08-28 22:01:08,991 INFO: blog startup [in /home/bzennn/Workspace/blog_flask/app/__init__.py:36]
2017-08-28 22:01:46,989 INFO: blog startup [in /home/bzennn/Workspace/blog_flask/app/__init__.py:36]
2017-08-28 22:01:47,901 INFO: blog startup [in /home/bzennn/Workspace/blog_flask/app/__init__.py:36]
2017-08-28 22:04:23,644 INFO: blog startup [in /home/bzennn/Workspace/blog_flask/app/__init__.py:36]
2017-08-28 22:05:38,508 INFO: blog startup [in /home/bzennn/Workspace/blog_flask/app/__init__.py:36]
2017-08-28 22:05:59,208 INFO: blog startup [in /home/bzennn/Workspace/blog_flask/app/__init__.py:36]
2017-08-28 22:08:28,084 INFO: blog startup [in /home/bzennn/Workspace/blog_flask/app/__init__.py:36]
2017-08-28 22:08:29,015 INFO: blog startup [in /home/bzennn/Workspace/blog_flask/app/__init__.py:36]
2017-08-28 22:09:59,042 INFO: blog startup [in /home/bzennn/Workspace/blog_flask/app/__init__.py:36]
2017-08-28 22:11:57,414 INFO: blog startup [in /home/bzennn/Workspace/blog_flask/app/__init__.py:36]
2017-08-28 22:13:38,597 INFO: blog startup [in /home/bzennn/Workspace/blog_flask/app/__init__.py:36]
2017-08-28 22:16:36,932 INFO: blog startup [in /home/bzennn/Workspace/blog_flask/app/__init__.py:36]
2017-08-28 22:16:40,960 INFO: blog startup [in /home/bzennn/Workspace/blog_flask/app/__init__.py:36]
2017-08-28 22:16:49,821 INFO: blog startup [in /home/bzennn/Workspace/blog_flask/app/__init__.py:36]
2017-08-28 22:16:50,730 INFO: blog startup [in /home/bzennn/Workspace/blog_flask/app/__init__.py:36]
2017-08-28 22:21:24,856 INFO: blog startup [in /home/bzennn/Workspace/blog_flask/app/__init__.py:36]
2017-08-28 22:25:02,270 INFO: blog startup [in /home/bzennn/Workspace/blog_flask/app/__init__.py:36]
2017-08-28 22:27:24,988 INFO: blog startup [in /home/bzennn/Workspace/blog_flask/app/__init__.py:36]
2017-08-28 22:28:08,690 INFO: blog startup [in /home/bzennn/Workspace/blog_flask/app/__init__.py:36]
2017-08-28 22:28:28,540 INFO: blog startup [in /home/bzennn/Workspace/blog_flask/app/__init__.py:36]
2017-08-28 22:28:32,673 INFO: blog startup [in /home/bzennn/Workspace/blog_flask/app/__init__.py:36]
2017-08-28 22:29:34,618 INFO: blog startup [in /home/bzennn/Workspace/blog_flask/app/__init__.py:36]
2017-08-28 22:29:38,776 INFO: blog startup [in /home/bzennn/Workspace/blog_flask/app/__init__.py:36]
2017-08-28 22:33:20,769 INFO: blog startup [in /home/bzennn/Workspace/blog_flask/app/__init__.py:36]
2017-08-28 22:34:50,774 INFO: blog startup [in /home/bzennn/Workspace/blog_flask/app/__init__.py:36]
2017-08-28 22:34:57,777 INFO: blog startup [in /home/bzennn/Workspace/blog_flask/app/__init__.py:36]
2017-08-28 22:35:03,805 INFO: blog startup [in /home/bzennn/Workspace/blog_flask/app/__init__.py:36]
2017-08-28 22:35:28,434 INFO: blog startup [in /home/bzennn/Workspace/blog_flask/app/__init__.py:36]
2017-08-28 22:35:29,364 INFO: blog startup [in /home/bzennn/Workspace/blog_flask/app/__init__.py:36]
2017-08-28 22:38:02,136 INFO: blog startup [in /home/bzennn/Workspace/blog_flask/app/__init__.py:36]
2017-08-28 22:40:07,544 INFO: blog startup [in /home/bzennn/Workspace/blog_flask/app/__init__.py:36]
2017-08-28 22:40:08,461 INFO: blog startup [in /home/bzennn/Workspace/blog_flask/app/__init__.py:36]
2017-08-28 22:40:55,990 INFO: blog startup [in /home/bzennn/Workspace/blog_flask/app/__init__.py:36]
2017-08-28 22:43:51,010 INFO: blog startup [in /home/bzennn/Workspace/blog_flask/app/__init__.py:36]
2017-08-28 22:45:10,931 INFO: blog startup [in /home/bzennn/Workspace/blog_flask/app/__init__.py:36]
2017-08-28 22:48:34,172 INFO: blog startup [in /home/bzennn/Workspace/blog_flask/app/__init__.py:36]
2017-08-28 22:50:25,558 INFO: blog startup [in /home/bzennn/Workspace/blog_flask/app/__init__.py:36]
2017-08-28 22:54:05,114 INFO: blog startup [in /home/bzennn/Workspace/blog_flask/app/__init__.py:36]
2017-08-28 22:54:39,572 INFO: blog startup [in /home/bzennn/Workspace/blog_flask/app/__init__.py:36]
2017-08-28 22:55:23,129 INFO: blog startup [in /home/bzennn/Workspace/blog_flask/app/__init__.py:36]
2017-08-28 22:55:44,486 INFO: blog startup [in /home/bzennn/Workspace/blog_flask/app/__init__.py:36]
2017-08-28 22:56:18,929 INFO: blog startup [in /home/bzennn/Workspace/blog_flask/app/__init__.py:36]
2017-08-28 23:01:07,202 INFO: blog startup [in /home/bzennn/Workspace/blog_flask/app/__init__.py:36]
2017-08-28 23:03:09,622 INFO: blog startup [in /home/bzennn/Workspace/blog_flask/app/__init__.py:36]
2017-08-29 19:52:49,540 INFO: blog startup [in /home/bzennn/Workspace/blog_flask/app/__init__.py:36]
2017-08-29 19:52:50,692 INFO: blog startup [in /home/bzennn/Workspace/blog_flask/app/__init__.py:36]
2017-08-29 19:58:31,255 INFO: blog startup [in /home/bzennn/Workspace/blog_flask/app/__init__.py:36]
2017-08-29 20:02:29,933 INFO: blog startup [in /home/bzennn/Workspace/blog_flask/app/__init__.py:36]
2017-08-29 20:03:54,884 INFO: blog startup [in /home/bzennn/Workspace/blog_flask/app/__init__.py:36]
2017-08-29 20:05:05,672 INFO: blog startup [in /home/bzennn/Workspace/blog_flask/app/__init__.py:36]
2017-08-29 20:06:10,419 INFO: blog startup [in /home/bzennn/Workspace/blog_flask/app/__init__.py:36]
2017-08-29 20:07:43,463 INFO: blog startup [in /home/bzennn/Workspace/blog_flask/app/__init__.py:36]
2017-08-29 20:08:10,824 INFO: blog startup [in /home/bzennn/Workspace/blog_flask/app/__init__.py:36]
2017-08-29 20:09:12,541 INFO: blog startup [in /home/bzennn/Workspace/blog_flask/app/__init__.py:36]
2017-08-29 20:09:57,066 INFO: blog startup [in /home/bzennn/Workspace/blog_flask/app/__init__.py:36]
2017-08-29 20:11:24,073 INFO: blog startup [in /home/bzennn/Workspace/blog_flask/app/__init__.py:36]
2017-08-29 20:21:14,551 INFO: blog startup [in /home/bzennn/Workspace/blog_flask/app/__init__.py:36]
2017-08-29 20:23:08,810 INFO: blog startup [in /home/bzennn/Workspace/blog_flask/app/__init__.py:36]
2017-08-29 20:27:28,707 INFO: blog startup [in /home/bzennn/Workspace/blog_flask/app/__init__.py:36]
2017-08-29 20:28:42,687 INFO: blog startup [in /home/bzennn/Workspace/blog_flask/app/__init__.py:36]
2017-08-29 20:28:43,608 INFO: blog startup [in /home/bzennn/Workspace/blog_flask/app/__init__.py:36]
2017-08-29 20:29:56,461 INFO: blog startup [in /home/bzennn/Workspace/blog_flask/app/__init__.py:36]
2017-08-29 20:30:07,034 INFO: blog startup [in /home/bzennn/Workspace/blog_flask/app/__init__.py:36]
2017-08-29 20:30:16,961 INFO: blog startup [in /home/bzennn/Workspace/blog_flask/app/__init__.py:36]
2017-08-29 20:30:23,233 INFO: blog startup [in /home/bzennn/Workspace/blog_flask/app/__init__.py:36]
2017-08-29 20:30:24,172 INFO: blog startup [in /home/bzennn/Workspace/blog_flask/app/__init__.py:36]
2017-08-29 20:32:29,586 INFO: blog startup [in /home/bzennn/Workspace/blog_flask/app/__init__.py:36]
2017-08-29 20:33:56,644 INFO: blog startup [in /home/bzennn/Workspace/blog_flask/app/__init__.py:36]
2017-08-29 20:35:02,391 INFO: blog startup [in /home/bzennn/Workspace/blog_flask/app/__init__.py:36]
2017-08-29 20:41:38,927 INFO: blog startup [in /home/bzennn/Workspace/blog_flask/app/__init__.py:36]
2017-08-29 20:46:34,305 INFO: blog startup [in /home/bzennn/Workspace/blog_flask/app/__init__.py:36]
2017-10-11 14:28:36,085 INFO: blog startup [in /home/bzennn/Workspace/blog_flask/app/__init__.py:36]
2017-10-11 14:28:37,209 INFO: blog startup [in /home/bzennn/Workspace/blog_flask/app/__init__.py:36]
2017-10-11 20:32:56,267 INFO: blog startup [in /home/bzennn/Workspace/blog_flask/app/__init__.py:36]
2017-10-11 20:33:03,156 INFO: blog startup [in /home/bzennn/Workspace/blog_flask/app/__init__.py:36]
2017-10-11 20:33:35,235 INFO: blog startup [in /home/bzennn/Workspace/blog_flask/app/__init__.py:36]
2017-10-11 20:33:36,139 INFO: blog startup [in /home/bzennn/Workspace/blog_flask/app/__init__.py:36]
2017-10-11 20:34:29,946 INFO: blog startup [in /home/bzennn/Workspace/blog_flask/app/__init__.py:36]
2017-10-11 20:34:30,929 INFO: blog startup [in /home/bzennn/Workspace/blog_flask/app/__init__.py:36]
2017-10-11 22:00:02,363 INFO: blog startup [in /home/bzennn/Workspace/blog_flask/app/__init__.py:36]
2017-10-11 22:00:03,545 INFO: blog startup [in /home/bzennn/Workspace/blog_flask/app/__init__.py:36]
2017-10-12 14:30:20,367 INFO: blog startup [in /home/bzennn/Workspace/blog_flask/app/__init__.py:36]
2017-10-12 14:30:21,501 INFO: blog startup [in /home/bzennn/Workspace/blog_flask/app/__init__.py:36]
2017-10-12 22:44:58,958 INFO: blog startup [in /home/bzennn/Workspace/blog_flask/app/__init__.py:36]
2017-10-13 19:52:32,851 INFO: blog startup [in /home/bzennn/Workspace/blog_flask/app/__init__.py:36]
2017-10-13 19:52:34,480 INFO: blog startup [in /home/bzennn/Workspace/blog_flask/app/__init__.py:36]
2017-10-14 13:52:36,461 INFO: blog startup [in /home/bzennn/Workspace/blog_flask/app/__init__.py:36]
2017-10-14 13:52:37,523 INFO: blog startup [in /home/bzennn/Workspace/blog_flask/app/__init__.py:36]
2017-10-14 16:08:41,597 INFO: blog startup [in /home/bzennn/Workspace/blog_flask/app/__init__.py:36]
2017-10-14 16:08:42,501 INFO: blog startup [in /home/bzennn/Workspace/blog_flask/app/__init__.py:36]
2017-10-14 16:59:26,498 INFO: blog startup [in /home/bzennn/Workspace/blog_flask/app/__init__.py:36]
2017-10-14 16:59:32,986 INFO: blog startup [in /home/bzennn/Workspace/blog_flask/app/__init__.py:36]
2017-10-14 16:59:36,433 INFO: blog startup [in /home/bzennn/Workspace/blog_flask/app/__init__.py:36]
2017-10-14 16:59:37,365 INFO: blog startup [in /home/bzennn/Workspace/blog_flask/app/__init__.py:36]
2017-10-14 17:01:39,809 INFO: blog startup [in /home/bzennn/Workspace/blog_flask/app/__init__.py:36]
2017-10-14 17:05:25,659 INFO: blog startup [in /home/bzennn/Workspace/blog_flask/app/__init__.py:36]
2017-10-14 17:07:15,664 INFO: blog startup [in /home/bzennn/Workspace/blog_flask/app/__init__.py:36]
2017-10-14 17:07:16,586 INFO: blog startup [in /home/bzennn/Workspace/blog_flask/app/__init__.py:36]
2017-10-14 19:02:07,820 INFO: blog startup [in /home/bzennn/Workspace/blog_flask/app/__init__.py:36]
2017-10-14 19:02:40,103 ERROR: Exception on /user/admin [GET] [in /home/bzennn/Workspace/blog_flask/python/lib/python3.5/site-packages/flask/app.py:1560]
Traceback (most recent call last):
  File "/home/bzennn/Workspace/blog_flask/python/lib/python3.5/site-packages/flask/app.py", line 1982, in wsgi_app
    response = self.full_dispatch_request()
  File "/home/bzennn/Workspace/blog_flask/python/lib/python3.5/site-packages/flask/app.py", line 1614, in full_dispatch_request
    rv = self.handle_user_exception(e)
  File "/home/bzennn/Workspace/blog_flask/python/lib/python3.5/site-packages/flask/app.py", line 1517, in handle_user_exception
    reraise(exc_type, exc_value, tb)
  File "/home/bzennn/Workspace/blog_flask/python/lib/python3.5/site-packages/flask/_compat.py", line 33, in reraise
    raise value
  File "/home/bzennn/Workspace/blog_flask/python/lib/python3.5/site-packages/flask/app.py", line 1612, in full_dispatch_request
    rv = self.dispatch_request()
  File "/home/bzennn/Workspace/blog_flask/python/lib/python3.5/site-packages/flask/app.py", line 1598, in dispatch_request
    return self.view_functions[rule.endpoint](**req.view_args)
  File "/home/bzennn/Workspace/blog_flask/python/lib/python3.5/site-packages/flask_login/utils.py", line 228, in decorated_view
    return func(*args, **kwargs)
  File "/home/bzennn/Workspace/blog_flask/app/views.py", line 86, in user_profile
    title=title)
  File "/home/bzennn/Workspace/blog_flask/python/lib/python3.5/site-packages/flask/templating.py", line 133, in render_template
    return _render(ctx.app.jinja_env.get_or_select_template(template_name_or_list),
  File "/home/bzennn/Workspace/blog_flask/python/lib/python3.5/site-packages/jinja2/environment.py", line 869, in get_or_select_template
    return self.get_template(template_name_or_list, parent, globals)
  File "/home/bzennn/Workspace/blog_flask/python/lib/python3.5/site-packages/jinja2/environment.py", line 830, in get_template
    return self._load_template(name, self.make_globals(globals))
  File "/home/bzennn/Workspace/blog_flask/python/lib/python3.5/site-packages/jinja2/environment.py", line 804, in _load_template
    template = self.loader.load(self, name, globals)
  File "/home/bzennn/Workspace/blog_flask/python/lib/python3.5/site-packages/jinja2/loaders.py", line 113, in load
    source, filename, uptodate = self.get_source(environment, name)
  File "/home/bzennn/Workspace/blog_flask/python/lib/python3.5/site-packages/flask/templating.py", line 57, in get_source
    return self._get_source_fast(environment, template)
  File "/home/bzennn/Workspace/blog_flask/python/lib/python3.5/site-packages/flask/templating.py", line 85, in _get_source_fast
    raise TemplateNotFound(template)
jinja2.exceptions.TemplateNotFound: user_profile.html
2017-10-14 19:03:45,754 ERROR: Exception on /user/admin [GET] [in /home/bzennn/Workspace/blog_flask/python/lib/python3.5/site-packages/flask/app.py:1560]
Traceback (most recent call last):
  File "/home/bzennn/Workspace/blog_flask/python/lib/python3.5/site-packages/flask/app.py", line 1982, in wsgi_app
    response = self.full_dispatch_request()
  File "/home/bzennn/Workspace/blog_flask/python/lib/python3.5/site-packages/flask/app.py", line 1614, in full_dispatch_request
    rv = self.handle_user_exception(e)
  File "/home/bzennn/Workspace/blog_flask/python/lib/python3.5/site-packages/flask/app.py", line 1517, in handle_user_exception
    reraise(exc_type, exc_value, tb)
  File "/home/bzennn/Workspace/blog_flask/python/lib/python3.5/site-packages/flask/_compat.py", line 33, in reraise
    raise value
  File "/home/bzennn/Workspace/blog_flask/python/lib/python3.5/site-packages/flask/app.py", line 1612, in full_dispatch_request
    rv = self.dispatch_request()
  File "/home/bzennn/Workspace/blog_flask/python/lib/python3.5/site-packages/flask/app.py", line 1598, in dispatch_request
    return self.view_functions[rule.endpoint](**req.view_args)
  File "/home/bzennn/Workspace/blog_flask/python/lib/python3.5/site-packages/flask_login/utils.py", line 228, in decorated_view
    return func(*args, **kwargs)
  File "/home/bzennn/Workspace/blog_flask/app/views.py", line 86, in user_profile
    title=title)
  File "/home/bzennn/Workspace/blog_flask/python/lib/python3.5/site-packages/flask/templating.py", line 133, in render_template
    return _render(ctx.app.jinja_env.get_or_select_template(template_name_or_list),
  File "/home/bzennn/Workspace/blog_flask/python/lib/python3.5/site-packages/jinja2/environment.py", line 869, in get_or_select_template
    return self.get_template(template_name_or_list, parent, globals)
  File "/home/bzennn/Workspace/blog_flask/python/lib/python3.5/site-packages/jinja2/environment.py", line 830, in get_template
    return self._load_template(name, self.make_globals(globals))
  File "/home/bzennn/Workspace/blog_flask/python/lib/python3.5/site-packages/jinja2/environment.py", line 804, in _load_template
    template = self.loader.load(self, name, globals)
  File "/home/bzennn/Workspace/blog_flask/python/lib/python3.5/site-packages/jinja2/loaders.py", line 113, in load
    source, filename, uptodate = self.get_source(environment, name)
  File "/home/bzennn/Workspace/blog_flask/python/lib/python3.5/site-packages/flask/templating.py", line 57, in get_source
    return self._get_source_fast(environment, template)
  File "/home/bzennn/Workspace/blog_flask/python/lib/python3.5/site-packages/flask/templating.py", line 85, in _get_source_fast
    raise TemplateNotFound(template)
jinja2.exceptions.TemplateNotFound: user_profile.html
2017-10-14 19:03:51,594 INFO: blog startup [in /home/bzennn/Workspace/blog_flask/app/__init__.py:36]
2017-10-14 19:03:52,582 INFO: blog startup [in /home/bzennn/Workspace/blog_flask/app/__init__.py:36]
2017-10-14 19:04:17,053 INFO: blog startup [in /home/bzennn/Workspace/blog_flask/app/__init__.py:36]
2017-10-14 19:04:36,302 ERROR: Exception on /user/admin [GET] [in /home/bzennn/Workspace/blog_flask/python/lib/python3.5/site-packages/flask/app.py:1560]
Traceback (most recent call last):
  File "/home/bzennn/Workspace/blog_flask/python/lib/python3.5/site-packages/flask/app.py", line 1982, in wsgi_app
    response = self.full_dispatch_request()
  File "/home/bzennn/Workspace/blog_flask/python/lib/python3.5/site-packages/flask/app.py", line 1614, in full_dispatch_request
    rv = self.handle_user_exception(e)
  File "/home/bzennn/Workspace/blog_flask/python/lib/python3.5/site-packages/flask/app.py", line 1517, in handle_user_exception
    reraise(exc_type, exc_value, tb)
  File "/home/bzennn/Workspace/blog_flask/python/lib/python3.5/site-packages/flask/_compat.py", line 33, in reraise
    raise value
  File "/home/bzennn/Workspace/blog_flask/python/lib/python3.5/site-packages/flask/app.py", line 1612, in full_dispatch_request
    rv = self.dispatch_request()
  File "/home/bzennn/Workspace/blog_flask/python/lib/python3.5/site-packages/flask/app.py", line 1598, in dispatch_request
    return self.view_functions[rule.endpoint](**req.view_args)
  File "/home/bzennn/Workspace/blog_flask/python/lib/python3.5/site-packages/flask_login/utils.py", line 228, in decorated_view
    return func(*args, **kwargs)
  File "/home/bzennn/Workspace/blog_flask/app/views.py", line 86, in user_profile
    title=title)
  File "/home/bzennn/Workspace/blog_flask/python/lib/python3.5/site-packages/flask/templating.py", line 133, in render_template
    return _render(ctx.app.jinja_env.get_or_select_template(template_name_or_list),
  File "/home/bzennn/Workspace/blog_flask/python/lib/python3.5/site-packages/jinja2/environment.py", line 869, in get_or_select_template
    return self.get_template(template_name_or_list, parent, globals)
  File "/home/bzennn/Workspace/blog_flask/python/lib/python3.5/site-packages/jinja2/environment.py", line 830, in get_template
    return self._load_template(name, self.make_globals(globals))
  File "/home/bzennn/Workspace/blog_flask/python/lib/python3.5/site-packages/jinja2/environment.py", line 804, in _load_template
    template = self.loader.load(self, name, globals)
  File "/home/bzennn/Workspace/blog_flask/python/lib/python3.5/site-packages/jinja2/loaders.py", line 113, in load
    source, filename, uptodate = self.get_source(environment, name)
  File "/home/bzennn/Workspace/blog_flask/python/lib/python3.5/site-packages/flask/templating.py", line 57, in get_source
    return self._get_source_fast(environment, template)
  File "/home/bzennn/Workspace/blog_flask/python/lib/python3.5/site-packages/flask/templating.py", line 85, in _get_source_fast
    raise TemplateNotFound(template)
jinja2.exceptions.TemplateNotFound: user_profile.html
2017-10-14 19:04:58,292 ERROR: Exception on /user/admin [GET] [in /home/bzennn/Workspace/blog_flask/python/lib/python3.5/site-packages/flask/app.py:1560]
Traceback (most recent call last):
  File "/home/bzennn/Workspace/blog_flask/python/lib/python3.5/site-packages/flask/app.py", line 1982, in wsgi_app
    response = self.full_dispatch_request()
  File "/home/bzennn/Workspace/blog_flask/python/lib/python3.5/site-packages/flask/app.py", line 1614, in full_dispatch_request
    rv = self.handle_user_exception(e)
  File "/home/bzennn/Workspace/blog_flask/python/lib/python3.5/site-packages/flask/app.py", line 1517, in handle_user_exception
    reraise(exc_type, exc_value, tb)
  File "/home/bzennn/Workspace/blog_flask/python/lib/python3.5/site-packages/flask/_compat.py", line 33, in reraise
    raise value
  File "/home/bzennn/Workspace/blog_flask/python/lib/python3.5/site-packages/flask/app.py", line 1612, in full_dispatch_request
    rv = self.dispatch_request()
  File "/home/bzennn/Workspace/blog_flask/python/lib/python3.5/site-packages/flask/app.py", line 1598, in dispatch_request
    return self.view_functions[rule.endpoint](**req.view_args)
  File "/home/bzennn/Workspace/blog_flask/python/lib/python3.5/site-packages/flask_login/utils.py", line 228, in decorated_view
    return func(*args, **kwargs)
  File "/home/bzennn/Workspace/blog_flask/app/views.py", line 86, in user_profile
    title=title)
  File "/home/bzennn/Workspace/blog_flask/python/lib/python3.5/site-packages/flask/templating.py", line 133, in render_template
    return _render(ctx.app.jinja_env.get_or_select_template(template_name_or_list),
  File "/home/bzennn/Workspace/blog_flask/python/lib/python3.5/site-packages/jinja2/environment.py", line 869, in get_or_select_template
    return self.get_template(template_name_or_list, parent, globals)
  File "/home/bzennn/Workspace/blog_flask/python/lib/python3.5/site-packages/jinja2/environment.py", line 830, in get_template
    return self._load_template(name, self.make_globals(globals))
  File "/home/bzennn/Workspace/blog_flask/python/lib/python3.5/site-packages/jinja2/environment.py", line 804, in _load_template
    template = self.loader.load(self, name, globals)
  File "/home/bzennn/Workspace/blog_flask/python/lib/python3.5/site-packages/jinja2/loaders.py", line 113, in load
    source, filename, uptodate = self.get_source(environment, name)
  File "/home/bzennn/Workspace/blog_flask/python/lib/python3.5/site-packages/flask/templating.py", line 57, in get_source
    return self._get_source_fast(environment, template)
  File "/home/bzennn/Workspace/blog_flask/python/lib/python3.5/site-packages/flask/templating.py", line 85, in _get_source_fast
    raise TemplateNotFound(template)
jinja2.exceptions.TemplateNotFound: user_profile.html
2017-10-14 19:05:05,353 INFO: blog startup [in /home/bzennn/Workspace/blog_flask/app/__init__.py:36]
2017-10-14 19:05:06,283 INFO: blog startup [in /home/bzennn/Workspace/blog_flask/app/__init__.py:36]
2017-10-14 19:47:26,272 INFO: blog startup [in /home/bzennn/Workspace/blog_flask/app/__init__.py:36]
2017-10-14 19:47:27,485 INFO: blog startup [in /home/bzennn/Workspace/blog_flask/app/__init__.py:36]
2017-10-14 22:36:15,231 INFO: blog startup [in /home/bzennn/Workspace/blog_flask/app/__init__.py:36]
2017-10-15 12:22:22,221 INFO: blog startup [in /home/bzennn/Workspace/blog_flask/app/__init__.py:36]
2017-10-15 12:22:23,333 INFO: blog startup [in /home/bzennn/Workspace/blog_flask/app/__init__.py:36]
2017-10-15 12:25:52,315 INFO: blog startup [in /home/bzennn/Workspace/blog_flask/app/__init__.py:36]
2017-10-15 12:27:28,973 INFO: blog startup [in /home/bzennn/Workspace/blog_flask/app/__init__.py:36]
2017-10-15 12:27:33,104 INFO: blog startup [in /home/bzennn/Workspace/blog_flask/app/__init__.py:36]
2017-10-15 12:29:03,492 INFO: blog startup [in /home/bzennn/Workspace/blog_flask/app/__init__.py:36]
2017-10-15 12:29:04,389 INFO: blog startup [in /home/bzennn/Workspace/blog_flask/app/__init__.py:36]
2017-10-15 12:55:38,101 INFO: blog startup [in /home/bzennn/Workspace/blog_flask/app/__init__.py:36]
2017-10-15 12:55:39,015 INFO: blog startup [in /home/bzennn/Workspace/blog_flask/app/__init__.py:36]
2017-10-15 16:17:41,617 INFO: blog startup [in /home/bzennn/Workspace/blog_flask/app/__init__.py:36]
2017-10-15 16:23:51,784 INFO: blog startup [in /home/bzennn/Workspace/blog_flask/app/__init__.py:36]
2017-10-15 16:24:04,338 INFO: blog startup [in /home/bzennn/Workspace/blog_flask/app/__init__.py:36]
2017-10-15 16:24:09,592 INFO: blog startup [in /home/bzennn/Workspace/blog_flask/app/__init__.py:36]
2017-10-15 16:24:55,164 INFO: blog startup [in /home/bzennn/Workspace/blog_flask/app/__init__.py:36]
2017-10-15 16:25:02,634 INFO: blog startup [in /home/bzennn/Workspace/blog_flask/app/__init__.py:36]
2017-10-15 16:25:03,533 INFO: blog startup [in /home/bzennn/Workspace/blog_flask/app/__init__.py:36]
2017-10-15 17:11:28,572 INFO: blog startup [in /home/bzennn/Workspace/blog_flask/app/__init__.py:36]
2017-10-15 17:12:41,458 INFO: blog startup [in /home/bzennn/Workspace/blog_flask/app/__init__.py:36]
2017-10-15 17:12:56,779 INFO: blog startup [in /home/bzennn/Workspace/blog_flask/app/__init__.py:36]
2017-10-15 17:13:14,035 INFO: blog startup [in /home/bzennn/Workspace/blog_flask/app/__init__.py:36]
2017-10-15 17:13:45,540 INFO: blog startup [in /home/bzennn/Workspace/blog_flask/app/__init__.py:36]
2017-10-15 17:14:02,812 INFO: blog startup [in /home/bzennn/Workspace/blog_flask/app/__init__.py:36]
2017-10-15 17:14:37,273 INFO: blog startup [in /home/bzennn/Workspace/blog_flask/app/__init__.py:36]
2017-10-15 17:15:54,205 INFO: blog startup [in /home/bzennn/Workspace/blog_flask/app/__init__.py:36]
2017-10-15 17:22:36,814 INFO: blog startup [in /home/bzennn/Workspace/blog_flask/app/__init__.py:36]
2017-10-15 17:23:37,817 INFO: blog startup [in /home/bzennn/Workspace/blog_flask/app/__init__.py:36]
2017-10-15 17:24:57,818 INFO: blog startup [in /home/bzennn/Workspace/blog_flask/app/__init__.py:36]
2017-10-15 17:25:25,246 INFO: blog startup [in /home/bzennn/Workspace/blog_flask/app/__init__.py:36]
2017-10-15 20:35:06,384 INFO: blog startup [in /home/bzennn/Workspace/blog_flask/app/__init__.py:36]
2017-10-15 20:38:02,483 INFO: blog startup [in /home/bzennn/Workspace/blog_flask/app/__init__.py:36]
2017-10-15 20:38:12,948 INFO: blog startup [in /home/bzennn/Workspace/blog_flask/app/__init__.py:36]
2017-10-15 20:38:18,751 INFO: blog startup [in /home/bzennn/Workspace/blog_flask/app/__init__.py:36]
2017-10-15 20:40:59,995 INFO: blog startup [in /home/bzennn/Workspace/blog_flask/app/__init__.py:36]
2017-10-15 20:41:33,776 INFO: blog startup [in /home/bzennn/Workspace/blog_flask/app/__init__.py:36]
2017-10-15 20:41:34,698 INFO: blog startup [in /home/bzennn/Workspace/blog_flask/app/__init__.py:36]
2017-10-15 21:13:18,248 INFO: blog startup [in /home/bzennn/Workspace/blog_flask/app/__init__.py:36]
2017-10-15 21:14:06,801 INFO: blog startup [in /home/bzennn/Workspace/blog_flask/app/__init__.py:36]
2017-10-15 21:14:25,901 INFO: blog startup [in /home/bzennn/Workspace/blog_flask/app/__init__.py:36]
2017-10-15 21:14:29,418 INFO: blog startup [in /home/bzennn/Workspace/blog_flask/app/__init__.py:36]
2017-10-15 21:14:37,072 INFO: blog startup [in /home/bzennn/Workspace/blog_flask/app/__init__.py:36]
2017-10-15 21:14:37,975 INFO: blog startup [in /home/bzennn/Workspace/blog_flask/app/__init__.py:36]
2017-10-15 21:25:30,158 INFO: blog startup [in /home/bzennn/Workspace/blog_flask/app/__init__.py:36]
2017-10-15 21:34:30,856 INFO: blog startup [in /home/bzennn/Workspace/blog_flask/app/__init__.py:36]
2017-10-15 22:01:30,721 INFO: blog startup [in /home/bzennn/Workspace/blog_flask/app/__init__.py:36]
2017-10-15 22:04:44,762 INFO: blog startup [in /home/bzennn/Workspace/blog_flask/app/__init__.py:36]
2017-10-15 22:30:14,920 INFO: blog startup [in /home/bzennn/Workspace/blog_flask/app/__init__.py:36]
2017-10-15 22:30:16,013 INFO: blog startup [in /home/bzennn/Workspace/blog_flask/app/__init__.py:36]
2017-10-15 22:42:28,312 INFO: blog startup [in /home/bzennn/Workspace/blog_flask/app/__init__.py:36]
2017-10-15 22:43:43,227 INFO: blog startup [in /home/bzennn/Workspace/blog_flask/app/__init__.py:36]
2017-10-15 22:44:11,657 INFO: blog startup [in /home/bzennn/Workspace/blog_flask/app/__init__.py:36]
2017-10-15 22:45:19,589 INFO: blog startup [in /home/bzennn/Workspace/blog_flask/app/__init__.py:36]
2017-10-15 22:56:17,595 INFO: blog startup [in /home/bzennn/Workspace/blog_flask/app/__init__.py:36]
2017-10-15 22:57:47,707 INFO: blog startup [in /home/bzennn/Workspace/blog_flask/app/__init__.py:36]
2017-10-15 23:23:16,416 INFO: blog startup [in /home/bzennn/Workspace/blog_flask/app/__init__.py:36]
2017-10-15 23:40:44,841 INFO: blog startup [in /home/bzennn/Workspace/blog_flask/app/__init__.py:36]
2017-10-16 00:14:40,558 INFO: blog startup [in /home/bzennn/Workspace/blog_flask/app/__init__.py:36]
