2017-10-20 21:57:40,122 INFO: blog startup [in /home/bzennn/Workspace/blog_flask/app/__init__.py:47]
2017-10-20 21:57:41,146 INFO: blog startup [in /home/bzennn/Workspace/blog_flask/app/__init__.py:47]
2017-10-20 21:57:52,018 INFO: blog startup [in /home/bzennn/Workspace/blog_flask/app/__init__.py:47]
2017-10-20 21:58:03,013 INFO: blog startup [in /home/bzennn/Workspace/blog_flask/app/__init__.py:47]
2017-10-20 21:58:07,063 INFO: blog startup [in /home/bzennn/Workspace/blog_flask/app/__init__.py:47]
2017-10-20 21:58:08,034 INFO: blog startup [in /home/bzennn/Workspace/blog_flask/app/__init__.py:47]
2017-10-21 18:10:23,714 INFO: blog startup [in /home/apps/web/blog_flask/app/__init__.py:47]
2017-10-21 18:10:24,285 INFO: blog startup [in /home/apps/web/blog_flask/app/__init__.py:47]
2017-10-21 18:11:36,379 INFO: blog startup [in /home/apps/web/blog_flask/app/__init__.py:47]
2017-10-21 18:11:40,361 INFO: blog startup [in /home/apps/web/blog_flask/app/__init__.py:47]
2017-10-21 18:16:50,914 INFO: blog startup [in /home/apps/web/blog_flask/app/__init__.py:47]
2017-10-21 18:16:51,426 INFO: blog startup [in /home/apps/web/blog_flask/app/__init__.py:47]
2017-10-21 18:19:17,049 INFO: blog startup [in /home/apps/web/blog_flask/app/__init__.py:47]
2017-10-21 18:19:17,550 INFO: blog startup [in /home/apps/web/blog_flask/app/__init__.py:47]
2017-10-21 18:23:39,526 INFO: blog startup [in /home/apps/web/blog_flask/app/__init__.py:47]
2017-10-21 18:23:40,140 INFO: blog startup [in /home/apps/web/blog_flask/app/__init__.py:47]
2017-10-21 18:24:09,722 INFO: blog startup [in /home/apps/web/blog_flask/app/__init__.py:47]
2017-10-21 18:24:53,501 INFO: blog startup [in /home/apps/web/blog_flask/app/__init__.py:47]
2017-10-21 18:24:57,671 INFO: blog startup [in /home/apps/web/blog_flask/app/__init__.py:47]
2017-10-21 18:32:04,227 INFO: blog startup [in /home/apps/web/blog_flask/app/__init__.py:47]
2017-10-21 18:34:28,184 INFO: blog startup [in /home/apps/web/blog_flask/app/__init__.py:47]
2017-10-21 18:42:57,884 INFO: blog startup [in /home/apps/web/blog_flask/app/__init__.py:47]
2017-10-21 18:43:05,588 INFO: blog startup [in /home/apps/web/blog_flask/app/__init__.py:47]
2017-10-21 19:14:24,304 INFO: blog startup [in /home/apps/web/blog_flask/app/__init__.py:47]
2017-10-21 19:23:41,453 INFO: blog startup [in ./app/__init__.py:47]
2017-10-21 19:25:14,655 INFO: blog startup [in ./app/__init__.py:47]
2017-10-21 19:51:14,839 INFO: blog startup [in /home/apps/web/blog_flask/app/__init__.py:47]
2017-10-21 19:53:53,076 INFO: blog startup [in /home/apps/web/blog_flask/app/__init__.py:47]
2017-10-21 19:54:45,716 INFO: blog startup [in ./app/__init__.py:47]
2017-10-21 19:58:14,099 INFO: blog startup [in /home/apps/web/blog_flask/app/__init__.py:47]
2017-10-21 19:59:11,922 INFO: blog startup [in /home/apps/web/blog_flask/app/__init__.py:47]
2017-10-21 20:01:11,163 INFO: blog startup [in ./app/__init__.py:47]
2017-10-21 20:03:45,057 INFO: blog startup [in ./app/__init__.py:47]
2017-10-21 20:07:47,762 INFO: blog startup [in /home/apps/web/blog_flask/app/__init__.py:47]
2017-10-21 20:07:47,763 INFO: blog startup [in /home/apps/web/blog_flask/app/__init__.py:47]
2017-10-21 20:07:47,769 INFO: blog startup [in /home/apps/web/blog_flask/app/__init__.py:47]
2017-10-21 20:15:17,798 INFO: blog startup [in /home/apps/web/blog_flask/app/__init__.py:47]
2017-10-21 20:15:17,798 INFO: blog startup [in /home/apps/web/blog_flask/app/__init__.py:47]
2017-10-21 20:15:17,802 INFO: blog startup [in /home/apps/web/blog_flask/app/__init__.py:47]
2017-10-21 20:28:10,946 INFO: blog startup [in /home/apps/web/blog_flask/app/__init__.py:47]
2017-10-21 20:28:10,946 INFO: blog startup [in /home/apps/web/blog_flask/app/__init__.py:47]
2017-10-21 20:28:10,947 INFO: blog startup [in /home/apps/web/blog_flask/app/__init__.py:47]
2017-10-21 22:04:29,637 INFO: blog startup [in /home/bzennn/Workspace/blog_flask/app/__init__.py:48]
2017-10-21 22:04:30,844 INFO: blog startup [in /home/bzennn/Workspace/blog_flask/app/__init__.py:48]
2017-10-21 22:05:25,508 INFO: blog startup [in /home/bzennn/Workspace/blog_flask/app/__init__.py:48]
2017-10-21 22:09:45,537 INFO: blog startup [in /home/bzennn/Workspace/blog_flask/app/__init__.py:48]
2017-10-21 22:09:55,816 INFO: blog startup [in /home/bzennn/Workspace/blog_flask/app/__init__.py:48]
2017-10-21 22:15:25,298 INFO: blog startup [in /home/apps/web/blog_flask/app/__init__.py:48]
2017-10-21 22:15:25,303 INFO: blog startup [in /home/apps/web/blog_flask/app/__init__.py:48]
2017-10-21 22:15:25,305 INFO: blog startup [in /home/apps/web/blog_flask/app/__init__.py:48]
2017-10-21 22:15:25,468 ERROR: Exception on /admin [GET] [in /home/apps/web/blog_flask/python/local/lib/python3.5/site-packages/flask/app.py:1560]
Traceback (most recent call last):
  File "/home/apps/web/blog_flask/python/local/lib/python3.5/site-packages/sqlalchemy/engine/base.py", line 1182, in _execute_context
    context)
  File "/home/apps/web/blog_flask/python/local/lib/python3.5/site-packages/sqlalchemy/engine/default.py", line 470, in do_execute
    cursor.execute(statement, parameters)
sqlite3.OperationalError: no such table: user

The above exception was the direct cause of the following exception:

Traceback (most recent call last):
  File "/home/apps/web/blog_flask/python/local/lib/python3.5/site-packages/flask/app.py", line 1982, in wsgi_app
    response = self.full_dispatch_request()
  File "/home/apps/web/blog_flask/python/local/lib/python3.5/site-packages/flask/app.py", line 1614, in full_dispatch_request
    rv = self.handle_user_exception(e)
  File "/home/apps/web/blog_flask/python/local/lib/python3.5/site-packages/flask/app.py", line 1517, in handle_user_exception
    reraise(exc_type, exc_value, tb)
  File "/home/apps/web/blog_flask/python/local/lib/python3.5/site-packages/flask/_compat.py", line 33, in reraise
    raise value
  File "/home/apps/web/blog_flask/python/local/lib/python3.5/site-packages/flask/app.py", line 1612, in full_dispatch_request
    rv = self.dispatch_request()
  File "/home/apps/web/blog_flask/python/local/lib/python3.5/site-packages/flask/app.py", line 1598, in dispatch_request
    return self.view_functions[rule.endpoint](**req.view_args)
  File "/home/apps/web/blog_flask/python/local/lib/python3.5/site-packages/flask_login/utils.py", line 226, in decorated_view
    elif not current_user.is_authenticated:
  File "/home/apps/web/blog_flask/python/local/lib/python3.5/site-packages/werkzeug/local.py", line 347, in __getattr__
    return getattr(self._get_current_object(), name)
  File "/home/apps/web/blog_flask/python/local/lib/python3.5/site-packages/werkzeug/local.py", line 306, in _get_current_object
    return self.__local()
  File "/home/apps/web/blog_flask/python/local/lib/python3.5/site-packages/flask_login/utils.py", line 26, in <lambda>
    current_user = LocalProxy(lambda: _get_user())
  File "/home/apps/web/blog_flask/python/local/lib/python3.5/site-packages/flask_login/utils.py", line 302, in _get_user
    current_app.login_manager._load_user()
  File "/home/apps/web/blog_flask/python/local/lib/python3.5/site-packages/flask_login/login_manager.py", line 317, in _load_user
    return self.reload_user()
  File "/home/apps/web/blog_flask/python/local/lib/python3.5/site-packages/flask_login/login_manager.py", line 279, in reload_user
    user = self.user_callback(user_id)
  File "/home/apps/web/blog_flask/app/views.py", line 46, in load_user
    return User.query.get(id)
  File "/home/apps/web/blog_flask/python/local/lib/python3.5/site-packages/sqlalchemy/orm/query.py", line 864, in get
    return self._get_impl(ident, loading.load_on_ident)
  File "/home/apps/web/blog_flask/python/local/lib/python3.5/site-packages/sqlalchemy/orm/query.py", line 897, in _get_impl
    return fallback_fn(self, key)
  File "/home/apps/web/blog_flask/python/local/lib/python3.5/site-packages/sqlalchemy/orm/loading.py", line 223, in load_on_ident
    return q.one()
  File "/home/apps/web/blog_flask/python/local/lib/python3.5/site-packages/sqlalchemy/orm/query.py", line 2814, in one
    ret = self.one_or_none()
  File "/home/apps/web/blog_flask/python/local/lib/python3.5/site-packages/sqlalchemy/orm/query.py", line 2784, in one_or_none
    ret = list(self)
  File "/home/apps/web/blog_flask/python/local/lib/python3.5/site-packages/sqlalchemy/orm/query.py", line 2855, in __iter__
    return self._execute_and_instances(context)
  File "/home/apps/web/blog_flask/python/local/lib/python3.5/site-packages/sqlalchemy/orm/query.py", line 2878, in _execute_and_instances
    result = conn.execute(querycontext.statement, self._params)
  File "/home/apps/web/blog_flask/python/local/lib/python3.5/site-packages/sqlalchemy/engine/base.py", line 945, in execute
    return meth(self, multiparams, params)
  File "/home/apps/web/blog_flask/python/local/lib/python3.5/site-packages/sqlalchemy/sql/elements.py", line 263, in _execute_on_connection
    return connection._execute_clauseelement(self, multiparams, params)
  File "/home/apps/web/blog_flask/python/local/lib/python3.5/site-packages/sqlalchemy/engine/base.py", line 1053, in _execute_clauseelement
    compiled_sql, distilled_params
  File "/home/apps/web/blog_flask/python/local/lib/python3.5/site-packages/sqlalchemy/engine/base.py", line 1189, in _execute_context
    context)
  File "/home/apps/web/blog_flask/python/local/lib/python3.5/site-packages/sqlalchemy/engine/base.py", line 1402, in _handle_dbapi_exception
    exc_info
  File "/home/apps/web/blog_flask/python/local/lib/python3.5/site-packages/sqlalchemy/util/compat.py", line 203, in raise_from_cause
    reraise(type(exception), exception, tb=exc_tb, cause=cause)
  File "/home/apps/web/blog_flask/python/local/lib/python3.5/site-packages/sqlalchemy/util/compat.py", line 186, in reraise
    raise value.with_traceback(tb)
  File "/home/apps/web/blog_flask/python/local/lib/python3.5/site-packages/sqlalchemy/engine/base.py", line 1182, in _execute_context
    context)
  File "/home/apps/web/blog_flask/python/local/lib/python3.5/site-packages/sqlalchemy/engine/default.py", line 470, in do_execute
    cursor.execute(statement, parameters)
sqlalchemy.exc.OperationalError: (sqlite3.OperationalError) no such table: user [SQL: 'SELECT user.id AS user_id, user.role AS user_role, user.email AS user_email, user.pwd_hash AS user_pwd_hash, user.nickname AS user_nickname, user.first_name AS user_first_name, user.last_name AS user_last_name, user.about_me AS user_about_me, user.registered_on AS user_registered_on, user.avatar_url AS user_avatar_url, user.ban_status AS user_ban_status \nFROM user \nWHERE user.id = ?'] [parameters: ('1',)]
2017-10-21 22:16:14,869 INFO: blog startup [in /home/apps/web/blog_flask/app/__init__.py:48]
2017-10-21 22:16:17,726 INFO: blog startup [in /home/apps/web/blog_flask/app/__init__.py:48]
2017-10-21 22:16:26,965 INFO: blog startup [in /home/apps/web/blog_flask/app/__init__.py:48]
2017-10-21 22:16:27,036 INFO: blog startup [in /home/apps/web/blog_flask/app/__init__.py:48]
2017-10-21 22:16:27,083 INFO: blog startup [in /home/apps/web/blog_flask/app/__init__.py:48]
2017-10-21 22:17:39,142 INFO: blog startup [in /home/apps/web/blog_flask/app/__init__.py:48]
2017-10-21 22:17:39,373 INFO: blog startup [in /home/apps/web/blog_flask/app/__init__.py:48]
2017-10-21 22:17:39,419 INFO: blog startup [in /home/apps/web/blog_flask/app/__init__.py:48]
2017-10-21 22:17:58,628 INFO: blog startup [in /home/apps/web/blog_flask/app/__init__.py:48]
2017-10-21 22:17:58,646 INFO: blog startup [in /home/apps/web/blog_flask/app/__init__.py:48]
2017-10-21 22:17:58,720 INFO: blog startup [in /home/apps/web/blog_flask/app/__init__.py:48]
2017-10-21 22:18:13,602 INFO: blog startup [in /home/apps/web/blog_flask/app/__init__.py:48]
2017-10-21 22:18:13,675 INFO: blog startup [in /home/apps/web/blog_flask/app/__init__.py:48]
2017-10-21 22:18:13,682 INFO: blog startup [in /home/apps/web/blog_flask/app/__init__.py:48]
2017-10-21 22:22:12,324 INFO: blog startup [in /home/apps/web/blog_flask/app/__init__.py:48]
2017-10-21 22:22:12,422 INFO: blog startup [in /home/apps/web/blog_flask/app/__init__.py:48]
2017-10-21 22:22:12,472 INFO: blog startup [in /home/apps/web/blog_flask/app/__init__.py:48]
2017-10-21 22:27:15,682 INFO: blog startup [in /home/apps/web/blog_flask/app/__init__.py:48]
2017-10-21 22:27:15,700 INFO: blog startup [in /home/apps/web/blog_flask/app/__init__.py:48]
2017-10-21 22:27:15,777 INFO: blog startup [in /home/apps/web/blog_flask/app/__init__.py:48]
2017-10-21 22:28:17,948 INFO: blog startup [in /home/apps/web/blog_flask/app/__init__.py:48]
2017-10-21 22:28:18,057 INFO: blog startup [in /home/apps/web/blog_flask/app/__init__.py:48]
2017-10-21 22:28:18,069 INFO: blog startup [in /home/apps/web/blog_flask/app/__init__.py:48]
2017-10-21 22:29:24,995 INFO: blog startup [in /home/apps/web/blog_flask/app/__init__.py:48]
2017-10-21 22:29:25,010 INFO: blog startup [in /home/apps/web/blog_flask/app/__init__.py:48]
2017-10-21 22:29:25,026 INFO: blog startup [in /home/apps/web/blog_flask/app/__init__.py:48]
2017-10-21 22:31:41,984 INFO: blog startup [in /home/apps/web/blog_flask/app/__init__.py:48]
2017-10-21 22:31:42,166 INFO: blog startup [in /home/apps/web/blog_flask/app/__init__.py:48]
2017-10-21 22:31:42,187 INFO: blog startup [in /home/apps/web/blog_flask/app/__init__.py:48]
2017-10-21 22:32:28,609 INFO: blog startup [in /home/apps/web/blog_flask/app/__init__.py:48]
2017-10-21 22:32:28,841 INFO: blog startup [in /home/apps/web/blog_flask/app/__init__.py:48]
2017-10-21 22:32:28,919 INFO: blog startup [in /home/apps/web/blog_flask/app/__init__.py:48]
2017-10-21 22:38:20,700 INFO: blog startup [in /home/apps/web/blog_flask/app/__init__.py:49]
2017-10-21 22:38:20,845 INFO: blog startup [in /home/apps/web/blog_flask/app/__init__.py:49]
2017-10-21 22:38:20,910 INFO: blog startup [in /home/apps/web/blog_flask/app/__init__.py:49]
2017-10-21 22:40:05,360 INFO: blog startup [in /home/apps/web/blog_flask/app/__init__.py:49]
2017-10-21 22:40:54,396 INFO: blog startup [in /home/apps/web/blog_flask/app/__init__.py:49]
2017-10-21 22:41:19,180 INFO: blog startup [in /home/apps/web/blog_flask/app/__init__.py:49]
2017-10-21 22:42:15,440 INFO: blog startup [in /home/apps/web/blog_flask/app/__init__.py:49]
2017-10-21 22:42:30,077 INFO: blog startup [in /home/apps/web/blog_flask/app/__init__.py:49]
2017-10-21 22:52:35,453 INFO: blog startup [in /home/apps/web/blog_flask/app/__init__.py:49]
2017-10-21 22:53:04,010 INFO: blog startup [in /home/apps/web/blog_flask/app/__init__.py:49]
2017-10-21 22:53:24,421 INFO: blog startup [in /home/apps/web/blog_flask/app/__init__.py:49]
2017-10-21 22:54:02,414 INFO: blog startup [in /home/apps/web/blog_flask/app/__init__.py:49]
2017-10-21 23:00:56,058 INFO: blog startup [in /home/apps/web/blog_flask/app/__init__.py:49]
2017-10-21 23:03:59,157 INFO: blog startup [in /home/apps/web/blog_flask/app/__init__.py:49]
2017-10-21 23:03:59,394 INFO: blog startup [in /home/apps/web/blog_flask/app/__init__.py:49]
2017-10-21 23:03:59,397 INFO: blog startup [in /home/apps/web/blog_flask/app/__init__.py:49]
2017-10-21 23:07:06,610 INFO: blog startup [in /home/apps/web/blog_flask/app/__init__.py:49]
2017-10-21 23:07:06,752 INFO: blog startup [in /home/apps/web/blog_flask/app/__init__.py:49]
2017-10-21 23:07:06,780 INFO: blog startup [in /home/apps/web/blog_flask/app/__init__.py:49]
2017-10-21 23:08:36,211 INFO: blog startup [in /home/apps/web/blog_flask/app/__init__.py:49]
2017-10-21 23:10:44,053 INFO: blog startup [in /home/apps/web/blog_flask/app/__init__.py:49]
2017-10-21 23:10:55,343 INFO: blog startup [in /home/apps/web/blog_flask/app/__init__.py:49]
2017-10-21 23:23:23,527 INFO: blog startup [in /home/apps/web/blog_flask/app/__init__.py:49]
2017-10-21 23:33:33,904 INFO: blog startup [in /home/apps/web/blog_flask/app/__init__.py:49]
2017-10-21 23:33:53,229 INFO: blog startup [in /home/apps/web/blog_flask/app/__init__.py:49]
2017-10-21 23:45:49,151 INFO: blog startup [in /home/apps/web/blog_flask/app/__init__.py:49]
2017-10-22 15:35:00,506 INFO: blog startup [in ./app/__init__.py:49]
2017-10-22 15:40:18,168 INFO: blog startup [in ./app/__init__.py:49]
2017-10-22 15:40:56,807 INFO: blog startup [in ./app/__init__.py:49]
2017-10-22 15:41:42,428 INFO: blog startup [in ./app/__init__.py:49]
2017-10-22 15:42:05,863 INFO: blog startup [in ./app/__init__.py:49]
2017-10-22 15:42:29,184 INFO: blog startup [in ./app/__init__.py:49]
2017-10-22 15:42:58,642 INFO: blog startup [in ./app/__init__.py:49]
2017-10-22 15:44:33,374 INFO: blog startup [in ./app/__init__.py:49]
2017-10-22 15:46:25,408 INFO: blog startup [in ./app/__init__.py:49]
2017-10-22 15:49:32,749 INFO: blog startup [in ./app/__init__.py:49]
2017-10-22 15:51:06,766 INFO: blog startup [in ./app/__init__.py:49]
2017-10-22 15:54:17,299 INFO: blog startup [in ./app/__init__.py:49]
2017-10-22 15:59:54,407 INFO: blog startup [in ./app/__init__.py:49]
2017-10-22 16:05:48,191 INFO: blog startup [in /home/apps/web/blog_flask/app/__init__.py:49]
2017-10-22 16:10:19,857 INFO: blog startup [in /home/apps/web/blog_flask/app/__init__.py:49]
2017-10-22 16:11:22,801 INFO: blog startup [in /home/apps/web/blog_flask/app/__init__.py:49]
2017-10-22 16:42:16,618 INFO: blog startup [in ./app/__init__.py:49]
2017-10-22 16:46:05,123 INFO: blog startup [in /home/apps/web/blog_flask/app/__init__.py:49]
2017-10-22 16:53:53,996 INFO: blog startup [in ./app/__init__.py:49]
2017-10-22 17:09:32,492 INFO: blog startup [in ./app/__init__.py:49]
2017-10-22 17:12:08,209 INFO: blog startup [in ./app/__init__.py:49]
2017-10-22 17:13:57,627 INFO: blog startup [in /home/apps/web/blog_flask/app/__init__.py:49]
2017-10-22 18:15:42,074 INFO: blog startup [in ./app/__init__.py:49]
2017-10-23 22:38:02,069 INFO: blog startup [in /home/apps/web/blog_flask/app/__init__.py:49]
2017-10-24 09:38:45,364 INFO: blog startup [in /home/apps/web/blog_flask/app/__init__.py:49]
2017-10-24 10:16:58,559 INFO: blog startup [in /home/apps/web/blog_flask/app/__init__.py:49]
2017-10-24 11:50:23,590 INFO: blog startup [in /home/apps/web/blog_flask/app/__init__.py:49]
2017-10-24 14:31:06,805 INFO: blog startup [in /home/apps/web/blog_flask/app/__init__.py:49]
2017-10-24 20:34:15,028 INFO: blog startup [in /home/apps/web/blog_flask/app/__init__.py:49]
2017-10-25 14:12:26,201 INFO: blog startup [in /home/apps/web/blog_flask/app/__init__.py:49]
2017-10-26 13:03:02,953 INFO: blog startup [in ./app/__init__.py:49]
2017-11-13 17:26:27,196 INFO: blog startup [in /home/apps/web/blog_flask/app/__init__.py:49]
2017-11-13 17:26:27,729 INFO: blog startup [in /home/apps/web/blog_flask/app/__init__.py:49]
2017-11-13 17:26:49,044 INFO: blog startup [in /home/apps/web/blog_flask/app/__init__.py:49]
2017-11-13 17:27:26,187 INFO: blog startup [in /home/apps/web/blog_flask/app/__init__.py:49]
2017-11-13 17:30:31,991 INFO: blog startup [in /home/apps/web/blog_flask/app/__init__.py:37]
2017-11-13 17:30:37,277 INFO: blog startup [in /home/apps/web/blog_flask/app/__init__.py:37]
2017-11-13 17:30:53,990 INFO: blog startup [in ./app/__init__.py:37]
2017-11-13 17:33:28,716 INFO: blog startup [in ./app/__init__.py:37]
2017-11-13 18:07:28,913 INFO: blog startup [in ./app/__init__.py:37]
